# JRE version: OpenJDK Runtime Environment (8.0_112-b06) (build 1.8.0_112-release-b06)
# Java VM: OpenJDK 64-Bit Server VM (25.112-b06 mixed mode windows-amd64 compressed oops)
Heap:
 PSYoungGen      total 217600K, used 212271K [0x00000000e0000000, 0x00000000ef300000, 0x0000000100000000)
  eden space 195584K, 100% used [0x00000000e0000000,0x00000000ebf00000,0x00000000ebf00000)
  from space 22016K, 75% used [0x00000000ed580000,0x00000000ee5cbf08,0x00000000eeb00000)
  to   space 23040K, 97% used [0x00000000ebf00000,0x00000000ed4f8020,0x00000000ed580000)
 ParOldGen       total 95232K, used 36904K [0x00000000a0000000, 0x00000000a5d00000, 0x00000000e0000000)
  object space 95232K, 38% used [0x00000000a0000000,0x00000000a240a288,0x00000000a5d00000)
 Metaspace       used 66045K, capacity 68752K, committed 68992K, reserved 1110016K
  class space    used 8649K, capacity 9223K, committed 9344K, reserved 1048576K
GC Heap History (10 events):
Event: 16.173 GC heap after
Heap after GC invocations=11 (full 2):
 PSYoungGen      total 142848K, used 13299K [0x00000000e0000000, 0x00000000ec180000, 0x0000000100000000)
  eden space 129536K, 0% used [0x00000000e0000000,0x00000000e0000000,0x00000000e7e80000)
  from space 13312K, 99% used [0x00000000e7e80000,0x00000000e8b7cf18,0x00000000e8b80000)
  to   space 15360K, 0% used [0x00000000eb280000,0x00000000eb280000,0x00000000ec180000)
 ParOldGen       total 59904K, used 15997K [0x00000000a0000000, 0x00000000a3a80000, 0x00000000e0000000)
  object space 59904K, 26% used [0x00000000a0000000,0x00000000a0f9f728,0x00000000a3a80000)
 Metaspace       used 45825K, capacity 46696K, committed 47104K, reserved 1089536K
  class space    used 6051K, capacity 6288K, committed 6400K, reserved 1048576K
}
Event: 582.574 GC heap before
{Heap before GC invocations=12 (full 2):
 PSYoungGen      total 142848K, used 142835K [0x00000000e0000000, 0x00000000ec180000, 0x0000000100000000)
  eden space 129536K, 100% used [0x00000000e0000000,0x00000000e7e80000,0x00000000e7e80000)
  from space 13312K, 99% used [0x00000000e7e80000,0x00000000e8b7cf18,0x00000000e8b80000)
  to   space 15360K, 0% used [0x00000000eb280000,0x00000000eb280000,0x00000000ec180000)
 ParOldGen       total 59904K, used 15997K [0x00000000a0000000, 0x00000000a3a80000, 0x00000000e0000000)
  object space 59904K, 26% used [0x00000000a0000000,0x00000000a0f9f728,0x00000000a3a80000)
 Metaspace       used 49055K, capacity 50266K, committed 50432K, reserved 1093632K
  class space    used 6300K, capacity 6573K, committed 6656K, reserved 1048576K
Event: 582.642 GC heap after
Heap after GC invocations=12 (full 2):
 PSYoungGen      total 174592K, used 12763K [0x00000000e0000000, 0x00000000ebf00000, 0x0000000100000000)
  eden space 161792K, 0% used [0x00000000e0000000,0x00000000e0000000,0x00000000e9e00000)
  from space 12800K, 99% used [0x00000000eb280000,0x00000000ebef6c00,0x00000000ebf00000)
  to   space 16896K, 0% used [0x00000000e9e00000,0x00000000e9e00000,0x00000000eae80000)
 ParOldGen       total 59904K, used 16005K [0x00000000a0000000, 0x00000000a3a80000, 0x00000000e0000000)
  object space 59904K, 26% used [0x00000000a0000000,0x00000000a0fa1728,0x00000000a3a80000)
 Metaspace       used 49055K, capacity 50266K, committed 50432K, reserved 1093632K
  class space    used 6300K, capacity 6573K, committed 6656K, reserved 1048576K
}
Event: 650.703 GC heap before
{Heap before GC invocations=13 (full 2):
 PSYoungGen      total 174592K, used 172196K [0x00000000e0000000, 0x00000000ebf00000, 0x0000000100000000)
  eden space 161792K, 98% used [0x00000000e0000000,0x00000000e9bb24d8,0x00000000e9e00000)
  from space 12800K, 99% used [0x00000000eb280000,0x00000000ebef6c00,0x00000000ebf00000)
  to   space 16896K, 0% used [0x00000000e9e00000,0x00000000e9e00000,0x00000000eae80000)
 ParOldGen       total 59904K, used 16005K [0x00000000a0000000, 0x00000000a3a80000, 0x00000000e0000000)
  object space 59904K, 26% used [0x00000000a0000000,0x00000000a0fa1728,0x00000000a3a80000)
 Metaspace       used 57261K, capacity 59132K, committed 59160K, reserved 1101824K
  class space    used 7431K, capacity 7800K, committed 7808K, reserved 1048576K
Event: 650.828 GC heap after
Heap after GC invocations=13 (full 2):
 PSYoungGen      total 178688K, used 16880K [0x00000000e0000000, 0x00000000eeb00000, 0x0000000100000000)
  eden space 161792K, 0% used [0x00000000e0000000,0x00000000e0000000,0x00000000e9e00000)
  from space 16896K, 99% used [0x00000000e9e00000,0x00000000eae7c3b0,0x00000000eae80000)
  to   space 22016K, 0% used [0x00000000ed580000,0x00000000ed580000,0x00000000eeb00000)
 ParOldGen       total 59904K, used 23366K [0x00000000a0000000, 0x00000000a3a80000, 0x00000000e0000000)
  object space 59904K, 39% used [0x00000000a0000000,0x00000000a16d1ba0,0x00000000a3a80000)
 Metaspace       used 57261K, capacity 59132K, committed 59160K, reserved 1101824K
  class space    used 7431K, capacity 7800K, committed 7808K, reserved 1048576K
}
Event: 650.828 GC heap before
{Heap before GC invocations=14 (full 3):
 PSYoungGen      total 178688K, used 16880K [0x00000000e0000000, 0x00000000eeb00000, 0x0000000100000000)
  eden space 161792K, 0% used [0x00000000e0000000,0x00000000e0000000,0x00000000e9e00000)
  from space 16896K, 99% used [0x00000000e9e00000,0x00000000eae7c3b0,0x00000000eae80000)
  to   space 22016K, 0% used [0x00000000ed580000,0x00000000ed580000,0x00000000eeb00000)
 ParOldGen       total 59904K, used 23366K [0x00000000a0000000, 0x00000000a3a80000, 0x00000000e0000000)
  object space 59904K, 39% used [0x00000000a0000000,0x00000000a16d1ba0,0x00000000a3a80000)
 Metaspace       used 57261K, capacity 59132K, committed 59160K, reserved 1101824K
  class space    used 7431K, capacity 7800K, committed 7808K, reserved 1048576K
Event: 651.196 GC heap after
Heap after GC invocations=14 (full 3):
 PSYoungGen      total 178688K, used 0K [0x00000000e0000000, 0x00000000eeb00000, 0x0000000100000000)
  eden space 161792K, 0% used [0x00000000e0000000,0x00000000e0000000,0x00000000e9e00000)
  from space 16896K, 0% used [0x00000000e9e00000,0x00000000e9e00000,0x00000000eae80000)
  to   space 22016K, 0% used [0x00000000ed580000,0x00000000ed580000,0x00000000eeb00000)
 ParOldGen       total 95232K, used 36888K [0x00000000a0000000, 0x00000000a5d00000, 0x00000000e0000000)
  object space 95232K, 38% used [0x00000000a0000000,0x00000000a2406288,0x00000000a5d00000)
 Metaspace       used 57261K, capacity 59132K, committed 59160K, reserved 1101824K
  class space    used 7431K, capacity 7800K, committed 7808K, reserved 1048576K
}
Event: 672.018 GC heap before
{Heap before GC invocations=15 (full 3):
 PSYoungGen      total 178688K, used 161792K [0x00000000e0000000, 0x00000000eeb00000, 0x0000000100000000)
  eden space 161792K, 100% used [0x00000000e0000000,0x00000000e9e00000,0x00000000e9e00000)
  from space 16896K, 0% used [0x00000000e9e00000,0x00000000e9e00000,0x00000000eae80000)
  to   space 22016K, 0% used [0x00000000ed580000,0x00000000ed580000,0x00000000eeb00000)
 ParOldGen       total 95232K, used 36888K [0x00000000a0000000, 0x00000000a5d00000, 0x00000000e0000000)
  object space 95232K, 38% used [0x00000000a0000000,0x00000000a2406288,0x00000000a5d00000)
 Metaspace       used 60872K, capacity 63494K, committed 63744K, reserved 1103872K
  class space    used 8062K, capacity 8584K, committed 8704K, reserved 1048576K
Event: 672.127 GC heap after
Heap after GC invocations=15 (full 3):
 PSYoungGen      total 217600K, used 16687K [0x00000000e0000000, 0x00000000ef300000, 0x0000000100000000)
  eden space 195584K, 0% used [0x00000000e0000000,0x00000000e0000000,0x00000000ebf00000)
  from space 22016K, 75% used [0x00000000ed580000,0x00000000ee5cbf08,0x00000000eeb00000)
  to   space 23040K, 0% used [0x00000000ebf00000,0x00000000ebf00000,0x00000000ed580000)
 ParOldGen       total 95232K, used 36896K [0x00000000a0000000, 0x00000000a5d00000, 0x00000000e0000000)
  object space 95232K, 38% used [0x00000000a0000000,0x00000000a2408288,0x00000000a5d00000)
 Metaspace       used 60872K, capacity 63494K, committed 63744K, reserved 1103872K
  class space    used 8062K, capacity 8584K, committed 8704K, reserved 1048576K
}
Event: 696.791 GC heap before
{Heap before GC invocations=16 (full 3):
 PSYoungGen      total 217600K, used 212271K [0x00000000e0000000, 0x00000000ef300000, 0x0000000100000000)
  eden space 195584K, 100% used [0x00000000e0000000,0x00000000ebf00000,0x00000000ebf00000)
  from space 22016K, 75% used [0x00000000ed580000,0x00000000ee5cbf08,0x00000000eeb00000)
  to   space 23040K, 0% used [0x00000000ebf00000,0x00000000ebf00000,0x00000000ed580000)
 ParOldGen       total 95232K, used 36896K [0x00000000a0000000, 0x00000000a5d00000, 0x00000000e0000000)
  object space 95232K, 38% used [0x00000000a0000000,0x00000000a2408288,0x00000000a5d00000)
 Metaspace       used 66045K, capacity 68752K, committed 68992K, reserved 1110016K
  class space    used 8649K, capacity 9223K, committed 9344K, reserved 1048576K

